2021-04-23 02:49:24 DEBUG Servidor/Cliente corre frame
2021-04-23 02:50:40 DEBUG Servidor/Cliente corre frame
2021-04-23 02:50:56 DEBUG Servidor/Cliente carga la imagen
2021-04-23 02:51:11 DEBUG Servidor/Cliente carga la imagen
2021-04-23 02:51:30 DEBUG Servidor espera y establece conexión
2021-04-23 02:51:30 DEBUG Se pide un puerto para esperar la conexión
2021-04-23 02:51:38 DEBUG Esperando conexion puerto: 6688
2021-04-23 02:51:44 DEBUG Cliente establece conexión con el servidor
2021-04-23 02:52:06 DEBUG Conectado exitosamente a 127.0.0.1:6688
2021-04-23 02:52:06 DEBUG Conexion satisfactoria a servidor 
2021-04-23 02:52:11 DEBUG DISPARO: 385 , 82
2021-04-23 02:52:11 DEBUG Coordenadas: 385 , 82
2021-04-23 02:52:13 DEBUG DISPARO: 454 , 102
2021-04-23 02:52:13 DEBUG Coordenadas: 454 , 102
2021-04-23 02:52:16 DEBUG DISPARO: 564 , 273
2021-04-23 02:52:16 DEBUG Coordenadas: 564 , 273
2021-04-23 02:52:17 DEBUG DISPARO: 549 , 297
2021-04-23 02:52:17 DEBUG Coordenadas: 549 , 297
2021-04-23 02:52:17 DEBUG DISPARO: 541 , 327
2021-04-23 02:52:17 DEBUG Coordenadas: 541 , 327
2021-04-23 02:52:18 DEBUG DISPARO: 504 , 402
2021-04-23 02:52:18 DEBUG Coordenadas: 504 , 402
2021-04-23 02:52:19 DEBUG DISPARO: 481 , 368
2021-04-23 02:52:19 DEBUG Coordenadas: 481 , 368
2021-04-23 02:52:20 DEBUG DISPARO: 500 , 454
2021-04-23 02:52:20 DEBUG Coordenadas: 500 , 454
2021-04-23 02:52:22 DEBUG DISPARO: 373 , 259
2021-04-23 02:52:22 DEBUG Coordenadas: 373 , 259
2021-04-23 02:52:23 DEBUG DISPARO: 378 , 310
2021-04-23 02:52:23 DEBUG Coordenadas: 378 , 310
2021-04-23 02:52:24 DEBUG DISPARO: 371 , 383
2021-04-23 02:52:24 DEBUG Coordenadas: 371 , 383
2021-04-23 02:52:25 DEBUG DISPARO: 391 , 415
2021-04-23 02:52:25 DEBUG Coordenadas: 391 , 415
2021-04-23 02:52:25 DEBUG DISPARO: 427 , 349
2021-04-23 02:52:25 DEBUG Coordenadas: 427 , 349
2021-04-23 02:52:26 DEBUG DISPARO: 559 , 116
2021-04-23 02:52:26 DEBUG Coordenadas: 559 , 116
2021-04-23 02:52:30 DEBUG DISPARO: 528 , 73
2021-04-23 02:52:30 DEBUG Coordenadas: 528 , 73
2021-04-23 02:52:37 DEBUG DISPARO: 381 , 232
2021-04-23 02:52:37 DEBUG Coordenadas: 381 , 232
2021-04-23 02:52:41 DEBUG DISPARO: 112 , 49
2021-04-23 02:52:41 DEBUG Coordenadas: 112 , 49
2021-04-23 02:52:43 DEBUG DISPARO: 224 , 62
2021-04-23 02:52:43 DEBUG Coordenadas: 224 , 62
2021-04-23 02:52:45 DEBUG DISPARO: 300 , 70
2021-04-23 02:52:45 DEBUG Coordenadas: 300 , 70
2021-04-23 02:52:46 DEBUG DISPARO: 309 , 114
2021-04-23 02:52:46 DEBUG Coordenadas: 309 , 114
2021-04-23 02:52:48 DEBUG DISPARO: 507 , 204
2021-04-23 02:52:48 DEBUG Coordenadas: 507 , 204
2021-04-23 02:52:49 DEBUG DISPARO: 574 , 330
2021-04-23 02:52:49 DEBUG Coordenadas: 574 , 330
2021-04-23 02:52:50 DEBUG DISPARO: 629 , 389
2021-04-23 02:52:50 DEBUG Coordenadas: 629 , 389
2021-04-23 02:52:52 DEBUG DISPARO: 628 , 403
2021-04-23 02:52:52 DEBUG Coordenadas: 628 , 403
2021-04-23 02:53:00 DEBUG Servidor/Cliente termina el juego
2021-04-23 02:53:03 DEBUG ¡Error!
2021-04-23 02:53:03 DEBUG DISPARO: 436 , 135
2021-04-23 02:53:05 DEBUG DISPARO: 408 , 166
2021-04-23 07:33:23 DEBUG Servidor/Cliente corre frame
2021-04-23 07:33:45 DEBUG Servidor/Cliente corre frame
2021-04-23 08:19:45 DEBUG Servidor/Cliente carga la imagen
2021-04-23 08:20:16 DEBUG Servidor/Cliente carga la imagen
2021-04-23 08:20:41 DEBUG Servidor espera y establece conexión
2021-04-23 08:20:41 DEBUG Se pide un puerto para esperar la conexión
2021-04-23 08:20:49 DEBUG Esperando conexion puerto: 6688
2021-04-23 08:20:54 DEBUG Cliente establece conexión con el servidor
2021-04-23 08:21:08 DEBUG Conectado exitosamente a 127.0.0.1:6688
2021-04-23 08:21:08 DEBUG Conexion satisfactoria a servidor 
2021-04-23 08:21:19 DEBUG DISPARO: 450 , 111
2021-04-23 08:21:19 DEBUG Coordenadas: 450 , 111
2021-04-23 08:21:24 DEBUG DISPARO: 536 , 96
2021-04-23 08:21:24 DEBUG Coordenadas: 536 , 96
2021-04-23 08:21:27 DEBUG DISPARO: 568 , 135
2021-04-23 08:21:27 DEBUG Coordenadas: 568 , 135
2021-04-23 08:21:30 DEBUG DISPARO: 596 , 187
2021-04-23 08:21:30 DEBUG Coordenadas: 596 , 187
2021-04-23 08:21:32 DEBUG DISPARO: 557 , 239
2021-04-23 08:21:32 DEBUG Coordenadas: 557 , 239
2021-04-23 08:21:33 DEBUG DISPARO: 585 , 312
2021-04-23 08:21:33 DEBUG Coordenadas: 585 , 312
2021-04-23 08:21:37 DEBUG DISPARO: 611 , 406
2021-04-23 08:21:37 DEBUG Coordenadas: 611 , 406
2021-04-23 08:21:39 DEBUG DISPARO: 523 , 439
2021-04-23 08:21:39 DEBUG Coordenadas: 523 , 439
2021-04-23 08:21:40 DEBUG DISPARO: 493 , 412
2021-04-23 08:21:40 DEBUG Coordenadas: 493 , 412
2021-04-23 08:21:41 DEBUG DISPARO: 493 , 412
2021-04-23 08:21:41 DEBUG Coordenadas: 493 , 412
2021-04-23 08:21:43 DEBUG DISPARO: 597 , 405
2021-04-23 08:21:43 DEBUG Coordenadas: 597 , 405
2021-04-23 08:21:44 DEBUG DISPARO: 574 , 435
2021-04-23 08:21:44 DEBUG Coordenadas: 574 , 435
2021-04-23 08:21:45 DEBUG DISPARO: 351 , 434
2021-04-23 08:21:45 DEBUG Coordenadas: 351 , 434
2021-04-23 08:21:47 DEBUG DISPARO: 358 , 375
2021-04-23 08:21:47 DEBUG Coordenadas: 358 , 375
2021-04-23 08:28:11 DEBUG ¡Error!
2021-04-23 11:50:29 DEBUG Servidor/Cliente corre frame
2021-04-23 11:50:44 DEBUG Servidor/Cliente corre frame
2021-04-23 11:50:57 DEBUG Servidor/Cliente carga la imagen
2021-04-23 11:51:32 DEBUG Servidor/Cliente carga la imagen
2021-04-23 11:56:37 DEBUG Servidor/Cliente corre frame
2021-04-23 11:56:52 DEBUG Servidor/Cliente carga la imagen
2021-04-23 11:56:54 DEBUG Servidor/Cliente corre frame
2021-04-23 11:57:11 DEBUG Servidor/Cliente carga la imagen
2021-04-23 11:57:30 DEBUG Servidor espera y establece conexión
2021-04-23 11:57:30 DEBUG Se pide un puerto para esperar la conexión
2021-04-23 11:57:46 DEBUG Esperando conexion puerto: 1234
2021-04-23 11:57:49 DEBUG Cliente establece conexión con el servidor
2021-04-23 11:58:09 DEBUG Conectado exitosamente a 127.0.0.1:1234
2021-04-23 11:58:09 DEBUG Conexion satisfactoria a servidor 
2021-04-23 11:58:17 DEBUG DISPARO: 621 , 374
2021-04-23 11:58:17 DEBUG Coordenadas: 621 , 374
2021-04-23 11:58:25 DEBUG DISPARO: 460 , 340
2021-04-23 11:58:25 DEBUG Coordenadas: 460 , 340
2021-04-23 11:58:33 DEBUG DISPARO: 120 , 277
2021-04-23 11:58:33 DEBUG Coordenadas: 120 , 277
2021-04-23 11:58:38 DEBUG DISPARO: 211 , 418
2021-04-23 11:58:38 DEBUG Coordenadas: 211 , 418
2021-04-23 11:58:42 DEBUG DISPARO: 344 , 389
2021-04-23 11:58:42 DEBUG Coordenadas: 344 , 389
2021-04-23 11:58:45 DEBUG DISPARO: 394 , 424
2021-04-23 11:58:45 DEBUG Coordenadas: 394 , 424
2021-04-23 11:58:47 DEBUG DISPARO: 394 , 424
2021-04-23 11:58:47 DEBUG Coordenadas: 394 , 424
2021-04-23 11:58:49 DEBUG DISPARO: 378 , 340
2021-04-23 11:58:49 DEBUG Coordenadas: 378 , 340
2021-04-23 11:58:52 DEBUG DISPARO: 423 , 381
2021-04-23 11:58:52 DEBUG Coordenadas: 423 , 381
2021-04-23 11:58:56 DEBUG DISPARO: 591 , 354
2021-04-23 11:58:56 DEBUG Coordenadas: 591 , 354
2021-04-23 11:58:57 DEBUG DISPARO: 587 , 375
2021-04-23 11:58:57 DEBUG Coordenadas: 587 , 375
2021-04-23 11:58:59 DEBUG DISPARO: 388 , 148
2021-04-23 11:58:59 DEBUG Coordenadas: 388 , 148
2021-04-23 11:59:00 DEBUG DISPARO: 399 , 172
2021-04-23 11:59:00 DEBUG Coordenadas: 399 , 172
2021-04-23 11:59:01 DEBUG DISPARO: 411 , 302
2021-04-23 11:59:01 DEBUG Coordenadas: 411 , 302
2021-04-23 11:59:01 DEBUG DISPARO: 411 , 302
2021-04-23 11:59:01 DEBUG Coordenadas: 411 , 302
2021-04-23 11:59:05 DEBUG DISPARO: 623 , 338
2021-04-23 11:59:05 DEBUG Coordenadas: 623 , 338
2021-04-23 11:59:07 DEBUG DISPARO: 617 , 385
2021-04-23 11:59:07 DEBUG Coordenadas: 617 , 385
2021-04-23 11:59:08 DEBUG DISPARO: 674 , 414
2021-04-23 11:59:08 DEBUG Coordenadas: 674 , 414
2021-04-23 11:59:10 DEBUG DISPARO: 668 , 426
2021-04-23 11:59:10 DEBUG Coordenadas: 668 , 426
2021-04-23 11:59:11 DEBUG DISPARO: 641 , 450
2021-04-23 11:59:11 DEBUG Coordenadas: 641 , 450
2021-04-23 11:59:18 DEBUG DISPARO: 580 , 449
2021-04-23 11:59:18 DEBUG Coordenadas: 580 , 449
2021-04-23 11:59:20 DEBUG DISPARO: 616 , 448
2021-04-23 11:59:20 DEBUG Coordenadas: 616 , 448
2021-04-23 11:59:21 DEBUG DISPARO: 638 , 417
2021-04-23 11:59:21 DEBUG Coordenadas: 638 , 417
2021-04-23 11:59:22 DEBUG DISPARO: 256 , 410
2021-04-23 11:59:22 DEBUG Coordenadas: 256 , 410
2021-04-23 11:59:23 DEBUG DISPARO: 256 , 410
2021-04-23 11:59:23 DEBUG Coordenadas: 256 , 410
2021-04-23 11:59:24 DEBUG DISPARO: 162 , 426
2021-04-23 11:59:24 DEBUG Coordenadas: 162 , 426
2021-04-23 11:59:30 DEBUG Servidor/Cliente lee las reglas del juego
2021-04-23 11:59:37 DEBUG Servidor/Cliente termina el juego
2021-04-23 11:59:39 DEBUG ¡Error!
